<?xml version="1.0" encoding="UTF-8"?>
<!-- Generated by org.testng.reporters.JUnitReportReporter -->
<testsuite skipped="0" hostname="SVRODK00068" name="test.demoQA.HomeTest" tests="1" failures="0" timestamp="02 Aug 2018 14:18:08 GMT" time="8.855" errors="0">
  <testcase name="validationTextOnTab3Test" time="8.855" classname="test.demoQA.HomeTest"/>
</testsuite> <!-- test.demoQA.HomeTest -->
